{"date":"2024-03-28T16:25:54+00:00","type":"debug","route":"\/api\/jobs\/create","message":"New jobID: 13"}
{"date":"2024-03-28T16:25:54+00:00","type":"debug","route":"\/api\/jobs\/create","message":"Job type supports array jobs"}
{"date":"2024-03-28T16:25:54+00:00","type":"debug","route":"Jobs\/setupArrayFiles","message":"scriptArr1: Array\n(\n    [0] => #!\/bin\/bash\n    [1] => #SBATCH --job-name='AMT11'\n    [2] => #SBATCH --output=\/root\/coding-projects\/WebSlurm\/Backend\/routes\/..\/usr\/out\/66041e3a579414.40635569\/13\/\/slurmout\n    [3] => \n    [4] => diff $arrayfile1 $arrayfile2\n    [5] => curl -X POST https:\/\/pgb.liv.ac.uk\/~sgjvivia\/api\/jobs\/13\/markcomplete > \/dev\/null 2>&1\n)\n"}
{"date":"2024-03-28T16:25:54+00:00","type":"debug","route":"Jobs\/setupArrayFiles","message":"scriptArr2: Array\n(\n)\n"}
{"date":"2024-03-28T16:25:54+00:00","type":"debug","route":"Jobs\/setupArrayFiles","message":"scriptArr3: Array\n(\n)\n"}
{"date":"2024-03-28T16:25:54+00:00","type":"debug","route":"Jobs\/setupArrayFiles","message":"Preupdate script: #!\/bin\/bash\n#SBATCH --job-name='AMT11'\n#SBATCH --output=\/root\/coding-projects\/WebSlurm\/Backend\/routes\/..\/usr\/out\/66041e3a579414.40635569\/13\/\/slurmout\n\ndiff $arrayfile1 $arrayfile2\ncurl -X POST https:\/\/pgb.liv.ac.uk\/~sgjvivia\/api\/jobs\/13\/markcomplete > \/dev\/null 2>&1"}
{"date":"2024-03-28T16:25:55+00:00","type":"debug","route":"Jobs\/setupArrayFiles","message":"Postupdate script: "}
{"date":"2024-03-28T16:39:12+00:00","type":"debug","route":"\/api\/jobs\/create","message":"New jobID: 14"}
{"date":"2024-03-28T16:39:12+00:00","type":"debug","route":"\/api\/jobs\/create","message":"Job type supports array jobs"}
{"date":"2024-03-28T16:39:12+00:00","type":"debug","route":"Jobs\/setupArrayFiles","message":"scriptArr1: Array\n(\n    [0] => #!\/bin\/bash\n    [1] => #SBATCH --job-name='AMT1639'\n    [2] => #SBATCH --output=\/root\/coding-projects\/WebSlurm\/Backend\/routes\/..\/usr\/out\/66041e3a579414.40635569\/14\/\/slurmout\n    [3] => \n    [4] => diff $arrayfile1 $arrayfile2\n    [5] => curl -X POST https:\/\/pgb.liv.ac.uk\/~sgjvivia\/api\/jobs\/14\/markcomplete > \/dev\/null 2>&1\n)\n"}
{"date":"2024-03-28T16:39:12+00:00","type":"debug","route":"Jobs\/setupArrayFiles","message":"scriptArr2: Array\n(\n    [0] => #!\/bin\/bash\n    [1] => #SBATCH --job-name='AMT1639'\n    [2] => #SBATCH --output=\/root\/coding-projects\/WebSlurm\/Backend\/routes\/..\/usr\/out\/66041e3a579414.40635569\/14\/\/slurmout\n    [3] => \n    [4] => #SBATCH --array=0-2\n\n    [5] => diff $arrayfile1 $arrayfile2\n    [6] => curl -X POST https:\/\/pgb.liv.ac.uk\/~sgjvivia\/api\/jobs\/14\/markcomplete > \/dev\/null 2>&1\n)\n"}
{"date":"2024-03-28T16:39:12+00:00","type":"debug","route":"Jobs\/setupArrayFiles","message":"scriptArr3: Array\n(\n    [0] => #!\/bin\/bash\n    [1] => #SBATCH --job-name='AMT1639'\n    [2] => #SBATCH --output=\/root\/coding-projects\/WebSlurm\/Backend\/routes\/..\/usr\/out\/66041e3a579414.40635569\/14\/\/slurmout\n    [3] => \n    [4] => #SBATCH --array=0-2\n\n    [5] => 1\/file${SLURM_ARRAY_TASK_ID}\n\n    [6] => 0\/file${SLURM_ARRAY_TASK_ID}\n\n    [7] => diff $arrayfile1 $arrayfile2\n    [8] => curl -X POST https:\/\/pgb.liv.ac.uk\/~sgjvivia\/api\/jobs\/14\/markcomplete > \/dev\/null 2>&1\n)\n"}
{"date":"2024-03-28T16:39:12+00:00","type":"debug","route":"Jobs\/setupArrayFiles","message":"Preupdate script: #!\/bin\/bash\n#SBATCH --job-name='AMT1639'\n#SBATCH --output=\/root\/coding-projects\/WebSlurm\/Backend\/routes\/..\/usr\/out\/66041e3a579414.40635569\/14\/\/slurmout\n\ndiff $arrayfile1 $arrayfile2\ncurl -X POST https:\/\/pgb.liv.ac.uk\/~sgjvivia\/api\/jobs\/14\/markcomplete > \/dev\/null 2>&1"}
{"date":"2024-03-28T16:39:13+00:00","type":"debug","route":"Jobs\/setupArrayFiles","message":"Postupdate script: #!\/bin\/bash\n#SBATCH --job-name='AMT1639'\n#SBATCH --output=\/root\/coding-projects\/WebSlurm\/Backend\/routes\/..\/usr\/out\/66041e3a579414.40635569\/14\/\/slurmout\n\n#SBATCH --array=0-2\n\n1\/file${SLURM_ARRAY_TASK_ID}\n\n0\/file${SLURM_ARRAY_TASK_ID}\n\ndiff $arrayfile1 $arrayfile2\ncurl -X POST https:\/\/pgb.liv.ac.uk\/~sgjvivia\/api\/jobs\/14\/markcomplete > \/dev\/null 2>&1"}
{"date":"2024-03-28T16:40:41+00:00","type":"debug","route":"\/api\/jobs\/create","message":"New jobID: 15"}
{"date":"2024-03-28T16:40:42+00:00","type":"debug","route":"\/api\/jobs\/create","message":"Job type supports array jobs"}
{"date":"2024-03-28T16:40:42+00:00","type":"debug","route":"Jobs\/setupArrayFiles","message":"scriptArr1: Array\n(\n    [0] => #!\/bin\/bash\n    [1] => #SBATCH --job-name='1640'\n    [2] => #SBATCH --output=\/root\/coding-projects\/WebSlurm\/Backend\/routes\/..\/usr\/out\/66041e3a579414.40635569\/15\/\/slurmout\n    [3] => \n    [4] => diff $arrayfile1 $arrayfile2\n    [5] => curl -X POST https:\/\/pgb.liv.ac.uk\/~sgjvivia\/api\/jobs\/15\/markcomplete > \/dev\/null 2>&1\n)\n"}
{"date":"2024-03-28T16:40:42+00:00","type":"debug","route":"Jobs\/setupArrayFiles","message":"scriptArr2: Array\n(\n    [0] => #!\/bin\/bash\n    [1] => #SBATCH --job-name='1640'\n    [2] => #SBATCH --output=\/root\/coding-projects\/WebSlurm\/Backend\/routes\/..\/usr\/out\/66041e3a579414.40635569\/15\/\/slurmout\n    [3] => \n    [4] => #SBATCH --array=0-2\n\n    [5] => diff $arrayfile1 $arrayfile2\n    [6] => curl -X POST https:\/\/pgb.liv.ac.uk\/~sgjvivia\/api\/jobs\/15\/markcomplete > \/dev\/null 2>&1\n)\n"}
{"date":"2024-03-28T16:40:42+00:00","type":"debug","route":"Jobs\/setupArrayFiles","message":"scriptArr3: Array\n(\n    [0] => #!\/bin\/bash\n    [1] => #SBATCH --job-name='1640'\n    [2] => #SBATCH --output=\/root\/coding-projects\/WebSlurm\/Backend\/routes\/..\/usr\/out\/66041e3a579414.40635569\/15\/\/slurmout\n    [3] => \n    [4] => #SBATCH --array=0-2\n\n    [5] => 1\/file${SLURM_ARRAY_TASK_ID}\n\n    [6] => 0\/file${SLURM_ARRAY_TASK_ID}\n\n    [7] => diff $arrayfile1 $arrayfile2\n    [8] => curl -X POST https:\/\/pgb.liv.ac.uk\/~sgjvivia\/api\/jobs\/15\/markcomplete > \/dev\/null 2>&1\n)\n"}
{"date":"2024-03-28T16:40:42+00:00","type":"debug","route":"Jobs\/setupArrayFiles","message":"Preupdate script: #!\/bin\/bash\n#SBATCH --job-name='1640'\n#SBATCH --output=\/root\/coding-projects\/WebSlurm\/Backend\/routes\/..\/usr\/out\/66041e3a579414.40635569\/15\/\/slurmout\n\ndiff $arrayfile1 $arrayfile2\ncurl -X POST https:\/\/pgb.liv.ac.uk\/~sgjvivia\/api\/jobs\/15\/markcomplete > \/dev\/null 2>&1"}
{"date":"2024-03-28T16:40:42+00:00","type":"debug","route":"Jobs\/setupArrayFiles","message":"Postupdate script: #!\/bin\/bash\n#SBATCH --job-name='1640'\n#SBATCH --output=\/root\/coding-projects\/WebSlurm\/Backend\/routes\/..\/usr\/out\/66041e3a579414.40635569\/15\/\/slurmout\n\n#SBATCH --array=0-2\n\n1\/file${SLURM_ARRAY_TASK_ID}\n\n0\/file${SLURM_ARRAY_TASK_ID}\n\ndiff $arrayfile1 $arrayfile2\ncurl -X POST https:\/\/pgb.liv.ac.uk\/~sgjvivia\/api\/jobs\/15\/markcomplete > \/dev\/null 2>&1"}
{"date":"2024-03-28T16:46:10+00:00","type":"debug","route":"\/api\/jobs\/create","message":"New jobID: 16"}
{"date":"2024-03-28T16:46:11+00:00","type":"debug","route":"\/api\/jobs\/create","message":"Job type supports array jobs"}
{"date":"2024-03-28T16:46:11+00:00","type":"debug","route":"Jobs\/setupArrayFiles","message":"scriptArr1: Array\n(\n    [0] => #!\/bin\/bash\n    [1] => #SBATCH --job-name='AMT1645'\n    [2] => #SBATCH --output=\/root\/coding-projects\/WebSlurm\/Backend\/routes\/..\/usr\/out\/66041e3a579414.40635569\/16\/\/slurmout\n    [3] => \n    [4] => diff $arrayfile1 $arrayfile2\n    [5] => curl -X POST https:\/\/pgb.liv.ac.uk\/~sgjvivia\/api\/jobs\/16\/markcomplete > \/dev\/null 2>&1\n)\n"}
{"date":"2024-03-28T16:46:11+00:00","type":"debug","route":"Jobs\/setupArrayFiles","message":"scriptArr2: Array\n(\n    [0] => #!\/bin\/bash\n    [1] => #SBATCH --job-name='AMT1645'\n    [2] => #SBATCH --output=\/root\/coding-projects\/WebSlurm\/Backend\/routes\/..\/usr\/out\/66041e3a579414.40635569\/16\/\/slurmout\n    [3] => \n    [4] => #SBATCH --array=0-1\n\n    [5] => diff $arrayfile1 $arrayfile2\n    [6] => curl -X POST https:\/\/pgb.liv.ac.uk\/~sgjvivia\/api\/jobs\/16\/markcomplete > \/dev\/null 2>&1\n)\n"}
{"date":"2024-03-28T16:46:11+00:00","type":"debug","route":"Jobs\/setupArrayFiles","message":"scriptArr3: Array\n(\n    [0] => #!\/bin\/bash\n    [1] => #SBATCH --job-name='AMT1645'\n    [2] => #SBATCH --output=\/root\/coding-projects\/WebSlurm\/Backend\/routes\/..\/usr\/out\/66041e3a579414.40635569\/16\/\/slurmout\n    [3] => \n    [4] => arrayfile1=\/root\/coding-projects\/WebSlurm\/Backend\/routes\/..\/usr\/in\/66041e3a579414.40635569\/66059ec06fdff-extracted\/file${SLURM_ARRAY_TASK_ID}\n\n    [5] => #SBATCH --array=0-1\n\n    [6] => diff $arrayfile1 $arrayfile2\n    [7] => curl -X POST https:\/\/pgb.liv.ac.uk\/~sgjvivia\/api\/jobs\/16\/markcomplete > \/dev\/null 2>&1\n)\n"}
{"date":"2024-03-28T16:46:11+00:00","type":"debug","route":"Jobs\/setupArrayFiles","message":"Preupdate script: #!\/bin\/bash\n#SBATCH --job-name='AMT1645'\n#SBATCH --output=\/root\/coding-projects\/WebSlurm\/Backend\/routes\/..\/usr\/out\/66041e3a579414.40635569\/16\/\/slurmout\n\ndiff $arrayfile1 $arrayfile2\ncurl -X POST https:\/\/pgb.liv.ac.uk\/~sgjvivia\/api\/jobs\/16\/markcomplete > \/dev\/null 2>&1"}
{"date":"2024-03-28T16:46:11+00:00","type":"debug","route":"Jobs\/setupArrayFiles","message":"Postupdate script: #!\/bin\/bash\n#SBATCH --job-name='AMT1645'\n#SBATCH --output=\/root\/coding-projects\/WebSlurm\/Backend\/routes\/..\/usr\/out\/66041e3a579414.40635569\/16\/\/slurmout\n\narrayfile1=\/root\/coding-projects\/WebSlurm\/Backend\/routes\/..\/usr\/in\/66041e3a579414.40635569\/66059ec06fdff-extracted\/file${SLURM_ARRAY_TASK_ID}\n\n#SBATCH --array=0-1\n\ndiff $arrayfile1 $arrayfile2\ncurl -X POST https:\/\/pgb.liv.ac.uk\/~sgjvivia\/api\/jobs\/16\/markcomplete > \/dev\/null 2>&1"}
{"date":"2024-03-28T16:48:52+00:00","type":"debug","route":"\/api\/jobs\/create","message":"New jobID: 17"}
{"date":"2024-03-28T16:48:52+00:00","type":"debug","route":"\/api\/jobs\/create","message":"Job type supports array jobs"}
{"date":"2024-03-28T16:52:42+00:00","type":"debug","route":"\/api\/jobs\/create","message":"New jobID: 18"}
{"date":"2024-03-28T16:52:42+00:00","type":"debug","route":"\/api\/jobs\/create","message":"Job type supports array jobs"}
{"date":"2024-03-28T16:54:41+00:00","type":"debug","route":"\/api\/jobs\/create","message":"New jobID: 19"}
{"date":"2024-03-28T16:54:41+00:00","type":"debug","route":"\/api\/jobs\/create","message":"Job type supports array jobs"}
{"date":"2024-03-28T16:57:09+00:00","type":"debug","route":"\/api\/jobs\/create","message":"New jobID: 20"}
{"date":"2024-03-28T16:57:10+00:00","type":"debug","route":"\/api\/jobs\/create","message":"Job type supports array jobs"}
{"date":"2024-03-28T17:00:09+00:00","type":"debug","route":"\/api\/jobs\/create","message":"New jobID: 21"}
{"date":"2024-03-28T17:00:09+00:00","type":"debug","route":"\/api\/jobs\/create","message":"Job type supports array jobs"}
{"date":"2024-03-28T17:02:40+00:00","type":"debug","route":"\/api\/jobs\/create","message":"New jobID: 22"}
{"date":"2024-03-28T17:02:40+00:00","type":"debug","route":"\/api\/jobs\/create","message":"Job type supports array jobs"}
{"date":"2024-03-28T17:03:25+00:00","type":"debug","route":"\/api\/jobs\/create","message":"New jobID: 23"}
{"date":"2024-03-28T17:03:26+00:00","type":"debug","route":"\/api\/jobs\/create","message":"Job type supports array jobs"}
{"date":"2024-03-28T17:04:56+00:00","type":"debug","route":"\/api\/jobs\/create","message":"New jobID: 24"}
{"date":"2024-03-28T17:04:56+00:00","type":"debug","route":"\/api\/jobs\/create","message":"Job type supports array jobs"}
{"date":"2024-03-28T17:12:15+00:00","type":"debug","route":"\/api\/jobs\/create","message":"New jobID: 25"}
{"date":"2024-03-28T17:12:15+00:00","type":"debug","route":"\/api\/jobs\/create","message":"Job type supports array jobs"}
{"date":"2024-03-28T17:13:46+00:00","type":"debug","route":"\/api\/jobs\/create","message":"New jobID: 26"}
{"date":"2024-03-28T17:13:46+00:00","type":"debug","route":"\/api\/jobs\/create","message":"Job type supports array jobs"}
{"date":"2024-03-28T17:18:27+00:00","type":"debug","route":"\/api\/jobs\/create","message":"New jobID: 27"}
{"date":"2024-03-28T17:18:28+00:00","type":"debug","route":"\/api\/jobs\/create","message":"Job type supports array jobs"}
{"date":"2024-03-28T17:20:50+00:00","type":"debug","route":"\/api\/jobs\/create","message":"New jobID: 28"}
{"date":"2024-03-28T17:20:50+00:00","type":"debug","route":"\/api\/jobs\/create","message":"Job type supports array jobs"}
{"date":"2024-03-28T17:22:27+00:00","type":"debug","route":"\/api\/jobs\/create","message":"New jobID: 29"}
{"date":"2024-03-28T17:22:27+00:00","type":"debug","route":"\/api\/jobs\/create","message":"Job type supports array jobs"}
{"date":"2024-03-28T17:25:57+00:00","type":"debug","route":"\/api\/jobs\/create","message":"New jobID: 30"}
{"date":"2024-03-28T17:25:57+00:00","type":"debug","route":"\/api\/jobs\/create","message":"Job type supports array jobs"}
{"date":"2024-03-28T17:25:58+00:00","type":"debug","route":"\/api\/jobs\/30\/markcomplete","message":"Marked job with ID 30 as complete"}
{"date":"2024-03-28T17:25:58+00:00","type":"debug","route":"\/api\/jobs\/30\/markcomplete","message":"Marked job with ID 30 as complete"}
{"date":"2024-03-28T17:25:58+00:00","type":"debug","route":"\/api\/jobs\/30\/markcomplete","message":"Marked job with ID 30 as complete"}
{"date":"2024-03-28T17:29:05+00:00","type":"debug","route":"\/api\/jobs\/create","message":"New jobID: 31"}
{"date":"2024-03-28T17:29:05+00:00","type":"debug","route":"\/api\/jobs\/create","message":"Job type supports array jobs"}
{"date":"2024-03-28T17:29:06+00:00","type":"debug","route":"\/api\/jobs\/31\/markcomplete","message":"Marked job with ID 31 as complete"}
{"date":"2024-03-28T17:29:06+00:00","type":"debug","route":"\/api\/jobs\/31\/markcomplete","message":"Marked job with ID 31 as complete"}
{"date":"2024-03-28T17:29:06+00:00","type":"debug","route":"\/api\/jobs\/31\/markcomplete","message":"Marked job with ID 31 as complete"}
