{"date":"2024-04-03T03:44:09+01:00","type":"info","route":"Jobs\/createIntialJobRecord","message":"Created new job record 17 for user with ID 660c12855d5262.85990556"}
{"date":"2024-04-03T03:44:11+01:00","type":"debug","route":"Jobs\/scheduleSlurmJob","message":"Created new script file \/root\/coding-projects\/WebSlurm-ReWrite\/WS2\/Backend\/routes\/..\/usr\/script\/660c12855d5262.85990556\/17\/17-2024-04-03+03-44-11.sh"}
{"date":"2024-04-03T03:44:11+01:00","type":"debug","route":"Jobs\/scheduleSlurmJob","message":"Scheduled Slurm Job: Submitted batch job 241\n"}
{"date":"2024-04-03T03:44:12+01:00","type":"debug","route":"\/api\/jobs\/","message":"Created new Job with ID 17 for user with ID 660c12855d5262.85990556"}
{"date":"2024-04-03T03:49:25+01:00","type":"debug","route":"\/api\/jobtypes\/","message":"JobType with ID 2 created by user with ID 660c12855d5262.85990556"}
{"date":"2024-04-03T03:49:43+01:00","type":"debug","route":"\/api\/jobtypes\/2","message":"JoType with ID 2, for user with ID 660c12855d5262.85990556"}
{"date":"2024-04-03T04:02:17+01:00","type":"info","route":"Jobs\/createIntialJobRecord","message":"Created new job record 18 for user with ID 660c12855d5262.85990556"}
{"date":"2024-04-03T04:02:19+01:00","type":"debug","route":"Jobs\/scheduleSlurmJob","message":"Created new script file \/root\/coding-projects\/WebSlurm-ReWrite\/WS2\/Backend\/routes\/..\/usr\/script\/660c12855d5262.85990556\/18\/18-2024-04-03+04-02-19.sh"}
{"date":"2024-04-03T04:02:19+01:00","type":"debug","route":"Jobs\/scheduleSlurmJob","message":"Scheduled Slurm Job: Submitted batch job 242\n"}
{"date":"2024-04-03T04:02:19+01:00","type":"debug","route":"\/api\/jobs\/","message":"Created new Job with ID 18 for user with ID 660c12855d5262.85990556"}
{"date":"2024-04-03T12:03:37+01:00","type":"info","route":"Jobs\/createIntialJobRecord","message":"Created new job record 19 for user with ID 660c12855d5262.85990556"}
{"date":"2024-04-03T12:03:39+01:00","type":"debug","route":"Jobs\/scheduleSlurmJob","message":"Created new script file \/root\/coding-projects\/WebSlurm-ReWrite\/WS2\/Backend\/routes\/..\/usr\/script\/660c12855d5262.85990556\/19\/19-2024-04-03+12-03-39.sh"}
{"date":"2024-04-03T12:03:40+01:00","type":"debug","route":"Jobs\/scheduleSlurmJob","message":"Scheduled Slurm Job: "}
{"date":"2024-04-03T12:03:40+01:00","type":"error","route":"Jobs\/scheduleSlurmJob","message":"Invalid Input Received: "}
{"date":"2024-04-03T12:04:46+01:00","type":"info","route":"Jobs\/createIntialJobRecord","message":"Created new job record 20 for user with ID 660c12855d5262.85990556"}
{"date":"2024-04-03T12:04:46+01:00","type":"debug","route":"Jobs\/scheduleSlurmJob","message":"Created new script file \/root\/coding-projects\/WebSlurm-ReWrite\/WS2\/Backend\/routes\/..\/usr\/script\/660c12855d5262.85990556\/20\/20-2024-04-03+12-04-46.sh"}
{"date":"2024-04-03T12:04:47+01:00","type":"debug","route":"Jobs\/scheduleSlurmJob","message":"Scheduled Slurm Job: "}
{"date":"2024-04-03T12:04:47+01:00","type":"error","route":"Jobs\/scheduleSlurmJob","message":"Invalid Input Received: "}
{"date":"2024-04-03T12:07:45+01:00","type":"info","route":"Jobs\/createIntialJobRecord","message":"Created new job record 21 for user with ID 660c12855d5262.85990556"}
{"date":"2024-04-03T12:07:46+01:00","type":"debug","route":"Jobs\/scheduleSlurmJob","message":"Created new script file \/root\/coding-projects\/WebSlurm-ReWrite\/WS2\/Backend\/routes\/..\/usr\/script\/660c12855d5262.85990556\/21\/21-2024-04-03+12-07-46.sh"}
{"date":"2024-04-03T12:07:46+01:00","type":"debug","route":"Jobs\/scheduleSlurmJob","message":"Scheduled Slurm Job: Submitted batch job 243\n"}
{"date":"2024-04-03T12:07:46+01:00","type":"debug","route":"\/api\/jobs\/","message":"Created new Job with ID 21 for user with ID 660c12855d5262.85990556"}
{"date":"2024-04-03T12:11:16+01:00","type":"info","route":"Jobs\/createIntialJobRecord","message":"Created new job record 22 for user with ID 660c12855d5262.85990556"}
{"date":"2024-04-03T12:11:16+01:00","type":"debug","route":"Jobs\/scheduleSlurmJob","message":"Created new script file \/root\/coding-projects\/WebSlurm-ReWrite\/WS2\/Backend\/routes\/..\/usr\/script\/660c12855d5262.85990556\/22\/22-2024-04-03+12-11-16.sh"}
{"date":"2024-04-03T12:11:16+01:00","type":"debug","route":"Jobs\/scheduleSlurmJob","message":"Scheduled Slurm Job: Submitted batch job 255\n"}
{"date":"2024-04-03T12:11:17+01:00","type":"debug","route":"\/api\/jobs\/","message":"Created new Job with ID 22 for user with ID 660c12855d5262.85990556"}
{"date":"2024-04-03T13:49:14+01:00","type":"debug","route":"\/api\/jobtypes\/","message":"JobType with ID 3 created by user with ID 660c12855d5262.85990556"}
{"date":"2024-04-03T13:49:51+01:00","type":"info","route":"Jobs\/createIntialJobRecord","message":"Created new job record 23 for user with ID 660c12855d5262.85990556"}
{"date":"2024-04-03T13:49:51+01:00","type":"debug","route":"Jobs\/scheduleSlurmJob","message":"Created new script file \/root\/coding-projects\/WebSlurm-ReWrite\/WS2\/Backend\/routes\/..\/usr\/script\/660c12855d5262.85990556\/23\/23-2024-04-03+13-49-51.sh"}
{"date":"2024-04-03T13:49:51+01:00","type":"debug","route":"Jobs\/scheduleSlurmJob","message":"Scheduled Slurm Job: Submitted batch job 267\n"}
{"date":"2024-04-03T13:49:52+01:00","type":"debug","route":"\/api\/jobs\/","message":"Created new Job with ID 23 for user with ID 660c12855d5262.85990556"}
{"date":"2024-04-03T13:54:30+01:00","type":"info","route":"Jobs\/createIntialJobRecord","message":"Created new job record 24 for user with ID 660c12855d5262.85990556"}
{"date":"2024-04-03T13:54:30+01:00","type":"debug","route":"Jobs\/scheduleSlurmJob","message":"Created new script file \/root\/coding-projects\/WebSlurm-ReWrite\/WS2\/Backend\/routes\/..\/usr\/script\/660c12855d5262.85990556\/24\/24-2024-04-03+13-54-30.sh"}
{"date":"2024-04-03T13:54:30+01:00","type":"debug","route":"Jobs\/scheduleSlurmJob","message":"Scheduled Slurm Job: Submitted batch job 270\n"}
{"date":"2024-04-03T13:54:30+01:00","type":"debug","route":"\/api\/jobs\/","message":"Created new Job with ID 24 for user with ID 660c12855d5262.85990556"}
{"date":"2024-04-03T13:56:15+01:00","type":"info","route":"Jobs\/createIntialJobRecord","message":"Created new job record 25 for user with ID 660c12855d5262.85990556"}
{"date":"2024-04-03T13:56:15+01:00","type":"debug","route":"Jobs\/scheduleSlurmJob","message":"Created new script file \/root\/coding-projects\/WebSlurm-ReWrite\/WS2\/Backend\/routes\/..\/usr\/script\/660c12855d5262.85990556\/25\/25-2024-04-03+13-56-15.sh"}
{"date":"2024-04-03T13:56:15+01:00","type":"debug","route":"Jobs\/scheduleSlurmJob","message":"Scheduled Slurm Job: Submitted batch job 273\n"}
{"date":"2024-04-03T13:56:15+01:00","type":"debug","route":"\/api\/jobs\/","message":"Created new Job with ID 25 for user with ID 660c12855d5262.85990556"}
{"date":"2024-04-03T13:57:07+01:00","type":"info","route":"Jobs\/createIntialJobRecord","message":"Created new job record 26 for user with ID 660c12855d5262.85990556"}
{"date":"2024-04-03T13:57:07+01:00","type":"debug","route":"Jobs\/scheduleSlurmJob","message":"Created new script file \/root\/coding-projects\/WebSlurm-ReWrite\/WS2\/Backend\/routes\/..\/usr\/script\/660c12855d5262.85990556\/26\/26-2024-04-03+13-57-07.sh"}
{"date":"2024-04-03T13:57:08+01:00","type":"debug","route":"Jobs\/scheduleSlurmJob","message":"Scheduled Slurm Job: Submitted batch job 276\n"}
{"date":"2024-04-03T13:57:08+01:00","type":"debug","route":"\/api\/jobs\/","message":"Created new Job with ID 26 for user with ID 660c12855d5262.85990556"}
{"date":"2024-04-03T13:58:16+01:00","type":"info","route":"Jobs\/createIntialJobRecord","message":"Created new job record 27 for user with ID 660c12855d5262.85990556"}
{"date":"2024-04-03T13:58:16+01:00","type":"debug","route":"Jobs\/scheduleSlurmJob","message":"Created new script file \/root\/coding-projects\/WebSlurm-ReWrite\/WS2\/Backend\/routes\/..\/usr\/script\/660c12855d5262.85990556\/27\/27-2024-04-03+13-58-16.sh"}
{"date":"2024-04-03T13:58:16+01:00","type":"debug","route":"Jobs\/scheduleSlurmJob","message":"Scheduled Slurm Job: Submitted batch job 279\n"}
{"date":"2024-04-03T13:58:16+01:00","type":"debug","route":"\/api\/jobs\/","message":"Created new Job with ID 27 for user with ID 660c12855d5262.85990556"}
{"date":"2024-04-03T14:47:50+01:00","type":"debug","route":"Users\/ValidateUser","message":"Failed on password check"}
{"date":"2024-04-03T14:49:43+01:00","type":"error","route":"Users\/sendPasswordEmail","message":"Failed to send temporary password email"}
{"date":"2024-04-03T14:49:44+01:00","type":"debug","route":"\/api\/users\/","message":"User created with ID 3"}
