{"date":"2024-04-01T15:25:24+01:00","type":"info","route":"\/api\/db\/setup","message":"Database Created"}
{"date":"2024-04-01T15:27:22+01:00","type":"info","route":"\/api\/db\/setup","message":"Database Created"}
{"date":"2024-04-01T15:29:13+01:00","type":"info","route":"\/api\/db\/setup","message":"Database Created"}
{"date":"2024-04-01T15:29:35+01:00","type":"info","route":"\/api\/db\/setup","message":"Database Created"}
{"date":"2024-04-01T15:29:53+01:00","type":"info","route":"\/api\/db\/setup","message":"Database Created"}
{"date":"2024-04-01T15:31:22+01:00","type":"info","route":"\/api\/db\/setup","message":"Database Created"}
{"date":"2024-04-01T16:11:27+01:00","type":"error","route":"\/api\/files\/new|| RequiresAuthentication","message":{}}
{"date":"2024-04-01T16:11:30+01:00","type":"error","route":"\/api\/auth\/verify|| RequiresAuthentication","message":{}}
{"date":"2024-04-01T16:11:32+01:00","type":"error","route":"\/api\/files\/new|| RequiresAuthentication","message":{}}
{"date":"2024-04-01T16:11:40+01:00","type":"error","route":"\/api\/auth\/verify|| RequiresAuthentication","message":{}}
{"date":"2024-04-01T16:11:42+01:00","type":"error","route":"\/api\/files\/new|| RequiresAuthentication","message":{}}
{"date":"2024-04-01T16:11:43+01:00","type":"error","route":"\/api\/auth\/verify|| RequiresAuthentication","message":{}}
{"date":"2024-04-01T16:11:45+01:00","type":"error","route":"\/api\/files\/new|| RequiresAuthentication","message":{}}
{"date":"2024-04-01T16:11:55+01:00","type":"error","route":"\/api\/auth\/verify|| RequiresAuthentication","message":{}}
{"date":"2024-04-01T17:07:44+01:00","type":"debug","route":true,"message":"BODY: 1"}
{"date":"2024-04-01T17:26:19+01:00","type":"debug","route":"\/api\/users\/createfirst","message":"User created with ID 2"}
{"date":"2024-04-01T17:27:28+01:00","type":"debug","route":"\/api\/auth\/login","message":"User with ID 660ae02b5e1655.86665100 logged in."}
{"date":"2024-04-01T17:28:32+01:00","type":"debug","route":"\/api\/auth\/login","message":"User with ID 660ae02b5e1655.86665100 logged in."}
{"date":"2024-04-01T17:28:52+01:00","type":"debug","route":"\/api\/auth\/login","message":"User with ID 660ae02b5e1655.86665100 logged in."}
{"date":"2024-04-01T17:31:01+01:00","type":"debug","route":"\/api\/auth\/login","message":"User with ID 660ae02b5e1655.86665100 logged in."}
{"date":"2024-04-01T17:31:32+01:00","type":"debug","route":"\/api\/auth\/login","message":"User with ID 660ae02b5e1655.86665100 logged in."}
{"date":"2024-04-01T17:32:31+01:00","type":"info","route":"\/api\/db\/setup","message":"Database Created"}
{"date":"2024-04-01T17:36:09+01:00","type":"debug","route":"\/api\/users\/createfirst","message":"User created with ID 2"}
{"date":"2024-04-01T17:36:25+01:00","type":"debug","route":"\/api\/auth\/login","message":"User with ID 660ae279b8eff8.93438842 logged in."}
{"date":"2024-04-01T17:37:55+01:00","type":"debug","route":"\/api\/users\/createfirst","message":"User created with ID 2"}
{"date":"2024-04-01T17:48:38+01:00","type":"debug","route":"\/api\/users\/createfirst","message":"User created with ID 2"}
{"date":"2024-04-01T17:49:37+01:00","type":"debug","route":"\/api\/users\/createfirst","message":"User created with ID 2"}
{"date":"2024-04-01T17:49:50+01:00","type":"debug","route":"\/api\/auth\/login","message":"User with ID 660ae5a15fab71.50635223 logged in."}
{"date":"2024-04-01T17:53:50+01:00","type":"error","route":"JobTypes\/getJobTypes","message":{}}
{"date":"2024-04-01T17:53:52+01:00","type":"error","route":"JobTypes\/getJobTypes","message":{}}
{"date":"2024-04-01T17:54:27+01:00","type":"error","route":"jobs\/getUserJobs","message":{}}
{"date":"2024-04-01T17:54:28+01:00","type":"error","route":"jobs\/getUserJobs","message":{}}
{"date":"2024-04-01T17:54:30+01:00","type":"error","route":"jobs\/getUserJobs","message":{}}
{"date":"2024-04-01T17:54:32+01:00","type":"error","route":"jobs\/getUserJobs","message":{}}
{"date":"2024-04-01T17:54:34+01:00","type":"error","route":"jobs\/getUserJobs","message":{}}
{"date":"2024-04-01T17:54:36+01:00","type":"error","route":"jobs\/getUserJobs","message":{}}
{"date":"2024-04-01T17:54:37+01:00","type":"error","route":"jobs\/getUserJobs","message":{}}
{"date":"2024-04-01T17:54:39+01:00","type":"error","route":"jobs\/getUserJobs","message":{}}
{"date":"2024-04-01T17:54:41+01:00","type":"error","route":"jobs\/getUserJobs","message":{}}
{"date":"2024-04-01T17:54:43+01:00","type":"error","route":"jobs\/getUserJobs","message":{}}
{"date":"2024-04-01T17:54:44+01:00","type":"error","route":"jobs\/getUserJobs","message":{}}
{"date":"2024-04-01T17:54:46+01:00","type":"error","route":"jobs\/getUserJobs","message":{}}
{"date":"2024-04-01T17:54:49+01:00","type":"error","route":"jobs\/getUserJobs","message":{}}
{"date":"2024-04-01T17:54:50+01:00","type":"error","route":"jobs\/getUserJobs","message":{}}
{"date":"2024-04-01T17:54:52+01:00","type":"error","route":"jobs\/getUserJobs","message":{}}
{"date":"2024-04-01T17:55:30+01:00","type":"error","route":"jobs\/getUserJobs","message":{}}
{"date":"2024-04-01T17:55:32+01:00","type":"error","route":"jobs\/getUserJobs","message":{}}
{"date":"2024-04-01T17:55:34+01:00","type":"error","route":"jobs\/getUserJobs","message":{}}
{"date":"2024-04-01T17:55:36+01:00","type":"error","route":"jobs\/getUserJobs","message":{}}
{"date":"2024-04-01T17:55:38+01:00","type":"error","route":"jobs\/getUserJobs","message":{}}
{"date":"2024-04-01T17:55:40+01:00","type":"error","route":"jobs\/getUserJobs","message":{}}
{"date":"2024-04-01T17:55:41+01:00","type":"error","route":"jobs\/getUserJobs","message":{}}
{"date":"2024-04-01T17:55:43+01:00","type":"error","route":"jobs\/getUserJobs","message":{}}
{"date":"2024-04-01T17:55:45+01:00","type":"error","route":"jobs\/getUserJobs","message":{}}
{"date":"2024-04-01T17:55:47+01:00","type":"error","route":"jobs\/getUserJobs","message":{}}
{"date":"2024-04-01T17:55:48+01:00","type":"error","route":"jobs\/getUserJobs","message":{}}
{"date":"2024-04-01T17:55:50+01:00","type":"error","route":"jobs\/getUserJobs","message":{}}
{"date":"2024-04-01T17:55:53+01:00","type":"error","route":"jobs\/getUserJobs","message":{}}
{"date":"2024-04-01T17:55:54+01:00","type":"error","route":"jobs\/getUserJobs","message":{}}
{"date":"2024-04-01T18:05:35+01:00","type":"error","route":"JobTypes\/getJobTypes","message":{}}
