{"date":"2024-04-02T12:50:27+01:00","type":"error","route":"JobTypes\/getJobTypes","message":{}}
{"date":"2024-04-02T12:50:31+01:00","type":"error","route":"JobTypes\/getJobTypes","message":{}}
{"date":"2024-04-02T12:50:35+01:00","type":"error","route":"JobTypes\/getJobTypes","message":{}}
{"date":"2024-04-02T12:50:41+01:00","type":"error","route":"JobTypes\/getJobTypes","message":{}}
{"date":"2024-04-02T12:51:55+01:00","type":"error","route":"JobTypes\/getJobTypes","message":{}}
{"date":"2024-04-02T12:51:57+01:00","type":"error","route":"JobTypes\/getJobTypes","message":{}}
{"date":"2024-04-02T12:52:00+01:00","type":"error","route":"JobTypes\/getJobTypes","message":{}}
{"date":"2024-04-02T12:52:03+01:00","type":"error","route":"JobTypes\/getJobTypes","message":{}}
{"date":"2024-04-02T12:52:09+01:00","type":"error","route":"JobTypes\/getJobTypes","message":{}}
{"date":"2024-04-02T13:25:03+01:00","type":"debug","route":"\/api\/auth\/refresh","message":"User with ID 660ae5a15fab71.50635223 refreshed token"}
{"date":"2024-04-02T13:25:29+01:00","type":"debug","route":"\/api\/auth\/login","message":"User with ID 660ae5a15fab71.50635223 logged in."}
{"date":"2024-04-02T13:25:37+01:00","type":"debug","route":"\/api\/auth\/refresh","message":"User with ID 660ae5a15fab71.50635223 refreshed token"}
{"date":"2024-04-02T13:26:20+01:00","type":"debug","route":"\/api\/auth\/login","message":"User with ID 660ae5a15fab71.50635223 logged in."}
{"date":"2024-04-02T13:27:53+01:00","type":"debug","route":"\/api\/auth\/refresh","message":"User with ID 660ae5a15fab71.50635223 refreshed token"}
{"date":"2024-04-02T13:28:03+01:00","type":"debug","route":"\/api\/auth\/login","message":"User with ID 660ae5a15fab71.50635223 logged in."}
{"date":"2024-04-02T13:29:27+01:00","type":"debug","route":"\/api\/auth\/refresh","message":"User with ID 660ae5a15fab71.50635223 refreshed token"}
{"date":"2024-04-02T13:29:50+01:00","type":"debug","route":"\/api\/auth\/login","message":"User with ID 660ae5a15fab71.50635223 logged in."}
{"date":"2024-04-02T13:30:11+01:00","type":"debug","route":"Users\/ValidateUser","message":"Failed Null Check"}
{"date":"2024-04-02T13:30:11+01:00","type":"debug","route":"\/api\/auth\/refresh","message":"User with ID 660ae5a15fab71.50635223 refreshed token"}
{"date":"2024-04-02T13:30:51+01:00","type":"debug","route":"\/api\/auth\/login","message":"User with ID 660ae5a15fab71.50635223 logged in."}
{"date":"2024-04-02T13:31:00+01:00","type":"debug","route":"Users\/ValidateUser","message":"Failed Null Check"}
{"date":"2024-04-02T13:31:00+01:00","type":"debug","route":"\/api\/auth\/refresh","message":"User with ID 660ae5a15fab71.50635223 refreshed token"}
{"date":"2024-04-02T13:35:06+01:00","type":"debug","route":"\/api\/auth\/login","message":"User with ID 660ae5a15fab71.50635223 logged in."}
{"date":"2024-04-02T13:35:10+01:00","type":"debug","route":"\/api\/auth\/refresh","message":"User with ID 660ae5a15fab71.50635223 refreshed token"}
{"date":"2024-04-02T13:35:43+01:00","type":"debug","route":"\/api\/auth\/login","message":"User with ID 660ae5a15fab71.50635223 logged in."}
{"date":"2024-04-02T13:35:59+01:00","type":"debug","route":"\/api\/auth\/refresh","message":"User with ID 660ae5a15fab71.50635223 refreshed token"}
{"date":"2024-04-02T13:37:24+01:00","type":"debug","route":"\/api\/auth\/login","message":"User with ID 660ae5a15fab71.50635223 logged in."}
{"date":"2024-04-02T13:37:30+01:00","type":"debug","route":"\/api\/users","message":"User with ID 660ae5a15fab71.50635223 updated user with ID 660ae5a15fab71.50635223"}
{"date":"2024-04-02T13:37:30+01:00","type":"debug","route":"\/api\/auth\/refresh","message":"User with ID 660ae5a15fab71.50635223 refreshed token"}
{"date":"2024-04-02T13:41:19+01:00","type":"debug","route":"\/api\/auth\/login","message":"User with ID 660ae5a15fab71.50635223 logged in."}
{"date":"2024-04-02T13:41:33+01:00","type":"debug","route":"\/api\/users","message":"User with ID 660ae5a15fab71.50635223 updated user with ID 660ae5a15fab71.50635223"}
{"date":"2024-04-02T13:41:33+01:00","type":"debug","route":"\/api\/auth\/refresh","message":"User with ID 660ae5a15fab71.50635223 refreshed token"}
{"date":"2024-04-02T13:43:51+01:00","type":"debug","route":"\/api\/auth\/login","message":"User with ID 660ae5a15fab71.50635223 logged in."}
{"date":"2024-04-02T13:43:55+01:00","type":"debug","route":"\/api\/users","message":"User with ID 660ae5a15fab71.50635223 updated user with ID 660ae5a15fab71.50635223"}
{"date":"2024-04-02T13:43:56+01:00","type":"debug","route":"\/api\/auth\/refresh","message":"User with ID 660ae5a15fab71.50635223 refreshed token"}
{"date":"2024-04-02T13:44:26+01:00","type":"debug","route":"\/api\/users","message":"User with ID 660ae5a15fab71.50635223 updated user with ID 660ae5a15fab71.50635223"}
{"date":"2024-04-02T13:44:27+01:00","type":"debug","route":"\/api\/auth\/refresh","message":"User with ID 660ae5a15fab71.50635223 refreshed token"}
{"date":"2024-04-02T13:46:18+01:00","type":"debug","route":"\/api\/users","message":"User with ID 660ae5a15fab71.50635223 updated user with ID 660ae5a15fab71.50635223"}
{"date":"2024-04-02T13:46:18+01:00","type":"debug","route":"\/api\/auth\/refresh","message":"User with ID 660ae5a15fab71.50635223 refreshed token"}
{"date":"2024-04-02T13:47:34+01:00","type":"debug","route":"\/api\/users","message":"User with ID 660ae5a15fab71.50635223 updated user with ID 660ae5a15fab71.50635223"}
{"date":"2024-04-02T13:47:35+01:00","type":"debug","route":"\/api\/auth\/refresh","message":"User with ID 660ae5a15fab71.50635223 refreshed token"}
{"date":"2024-04-02T13:48:00+01:00","type":"debug","route":"\/api\/users","message":"User with ID 660ae5a15fab71.50635223 updated user with ID 660ae5a15fab71.50635223"}
{"date":"2024-04-02T13:48:01+01:00","type":"debug","route":"\/api\/auth\/refresh","message":"User with ID 660ae5a15fab71.50635223 refreshed token"}
{"date":"2024-04-02T13:48:05+01:00","type":"debug","route":"\/api\/users","message":"User with ID 660ae5a15fab71.50635223 updated user with ID 660ae5a15fab71.50635223"}
{"date":"2024-04-02T13:48:05+01:00","type":"debug","route":"\/api\/auth\/refresh","message":"User with ID 660ae5a15fab71.50635223 refreshed token"}
{"date":"2024-04-02T14:10:14+01:00","type":"debug","route":"\/api\/auth\/verifypass","message":"Password verified for user with ID 660ae5a15fab71.50635223"}
{"date":"2024-04-02T14:10:32+01:00","type":"debug","route":"\/api\/auth\/verifypass","message":"Password verified for user with ID 660ae5a15fab71.50635223"}
{"date":"2024-04-02T14:10:33+01:00","type":"debug","route":"\/api\/auth\/verifypass","message":"Password verified for user with ID 660ae5a15fab71.50635223"}
{"date":"2024-04-02T14:10:34+01:00","type":"debug","route":"\/api\/auth\/verifypass","message":"Password verified for user with ID 660ae5a15fab71.50635223"}
{"date":"2024-04-02T14:10:34+01:00","type":"debug","route":"\/api\/auth\/verifypass","message":"Password verified for user with ID 660ae5a15fab71.50635223"}
{"date":"2024-04-02T14:10:34+01:00","type":"debug","route":"\/api\/auth\/verifypass","message":"Password verified for user with ID 660ae5a15fab71.50635223"}
{"date":"2024-04-02T14:10:38+01:00","type":"debug","route":"\/api\/auth\/verifypass","message":"Password verified for user with ID 660ae5a15fab71.50635223"}
{"date":"2024-04-02T14:12:59+01:00","type":"debug","route":"\/api\/auth\/logout","message":"User with ID 660ae5a15fab71.50635223 logged out."}
{"date":"2024-04-02T14:13:09+01:00","type":"debug","route":"\/api\/auth\/login","message":"User with ID 660ae5a15fab71.50635223 logged in."}
{"date":"2024-04-02T14:13:12+01:00","type":"debug","route":"\/api\/auth\/login","message":"User with ID 660ae5a15fab71.50635223 logged in."}
{"date":"2024-04-02T14:13:37+01:00","type":"warning","route":"\/api\/auth\/verifypass","message":"Password verification failed for user with ID 660ae5a15fab71.50635223"}
{"date":"2024-04-02T14:13:38+01:00","type":"debug","route":"\/api\/users","message":"User with ID 660ae5a15fab71.50635223 updated user with ID 660ae5a15fab71.50635223"}
{"date":"2024-04-02T14:13:40+01:00","type":"debug","route":"\/api\/auth\/refresh","message":"User with ID 660ae5a15fab71.50635223 refreshed token"}
{"date":"2024-04-02T14:14:51+01:00","type":"warning","route":"\/api\/auth\/verifypass","message":"Password verification failed for user with ID 660ae5a15fab71.50635223"}
{"date":"2024-04-02T14:14:51+01:00","type":"debug","route":"\/api\/users","message":"User with ID 660ae5a15fab71.50635223 updated user with ID 660ae5a15fab71.50635223"}
{"date":"2024-04-02T14:14:51+01:00","type":"debug","route":"\/api\/auth\/refresh","message":"User with ID 660ae5a15fab71.50635223 refreshed token"}
{"date":"2024-04-02T14:43:15+01:00","type":"warning","route":"\/api\/auth\/verifypass","message":"Password verification failed for user with ID 660ae5a15fab71.50635223"}
{"date":"2024-04-02T14:43:17+01:00","type":"debug","route":"\/api\/users","message":"User with ID 660ae5a15fab71.50635223 updated user with ID 660ae5a15fab71.50635223"}
{"date":"2024-04-02T14:43:18+01:00","type":"debug","route":"\/api\/auth\/refresh","message":"User with ID 660ae5a15fab71.50635223 refreshed token"}
{"date":"2024-04-02T14:43:57+01:00","type":"warning","route":"\/api\/auth\/verifypass","message":"Password verification failed for user with ID 660ae5a15fab71.50635223"}
{"date":"2024-04-02T14:43:58+01:00","type":"debug","route":"\/api\/users","message":"User with ID 660ae5a15fab71.50635223 updated user with ID 660ae5a15fab71.50635223"}
{"date":"2024-04-02T14:43:58+01:00","type":"debug","route":"\/api\/auth\/refresh","message":"User with ID 660ae5a15fab71.50635223 refreshed token"}
{"date":"2024-04-02T14:44:58+01:00","type":"warning","route":"\/api\/auth\/verifypass","message":"Password verification failed for user with ID 660ae5a15fab71.50635223"}
{"date":"2024-04-02T14:44:58+01:00","type":"debug","route":"\/api\/users","message":"User with ID 660ae5a15fab71.50635223 updated user with ID 660ae5a15fab71.50635223"}
{"date":"2024-04-02T14:44:59+01:00","type":"debug","route":"\/api\/auth\/refresh","message":"User with ID 660ae5a15fab71.50635223 refreshed token"}
{"date":"2024-04-02T14:45:22+01:00","type":"warning","route":"\/api\/auth\/verifypass","message":"Password verification failed for user with ID 660ae5a15fab71.50635223"}
{"date":"2024-04-02T14:45:23+01:00","type":"debug","route":"\/api\/users","message":"User with ID 660ae5a15fab71.50635223 updated user with ID 660ae5a15fab71.50635223"}
{"date":"2024-04-02T14:45:24+01:00","type":"debug","route":"\/api\/auth\/refresh","message":"User with ID 660ae5a15fab71.50635223 refreshed token"}
{"date":"2024-04-02T15:13:25+01:00","type":"debug","route":"\/api\/users\/createfirst","message":"User created with ID 2"}
{"date":"2024-04-02T15:13:44+01:00","type":"debug","route":"\/api\/auth\/login","message":"User with ID 660c12855d5262.85990556 logged in."}
{"date":"2024-04-02T15:13:58+01:00","type":"debug","route":"\/api\/users","message":"User with ID 660c12855d5262.85990556 updated user with ID 660c12855d5262.85990556"}
{"date":"2024-04-02T15:13:59+01:00","type":"debug","route":"\/api\/auth\/refresh","message":"User with ID 660c12855d5262.85990556 refreshed token"}
{"date":"2024-04-02T15:14:03+01:00","type":"debug","route":"\/api\/users","message":"User with ID 660c12855d5262.85990556 updated user with ID 660c12855d5262.85990556"}
{"date":"2024-04-02T15:14:05+01:00","type":"debug","route":"\/api\/auth\/refresh","message":"User with ID 660c12855d5262.85990556 refreshed token"}
{"date":"2024-04-02T15:14:18+01:00","type":"warning","route":"\/api\/auth\/verifypass","message":"Password verification failed for user with ID 660c12855d5262.85990556"}
{"date":"2024-04-02T15:14:18+01:00","type":"debug","route":"\/api\/users","message":"User with ID 660c12855d5262.85990556 updated user with ID 660c12855d5262.85990556"}
{"date":"2024-04-02T15:14:18+01:00","type":"debug","route":"\/api\/auth\/refresh","message":"User with ID 660c12855d5262.85990556 refreshed token"}
{"date":"2024-04-02T15:14:51+01:00","type":"debug","route":"\/api\/auth\/verifypass","message":"Password verified for user with ID 660c12855d5262.85990556"}
{"date":"2024-04-02T15:14:51+01:00","type":"debug","route":"\/api\/users","message":"User with ID 660c12855d5262.85990556 updated user with ID 660c12855d5262.85990556"}
{"date":"2024-04-02T15:14:51+01:00","type":"debug","route":"\/api\/auth\/refresh","message":"User with ID 660c12855d5262.85990556 refreshed token"}
{"date":"2024-04-02T15:15:18+01:00","type":"debug","route":"\/api\/auth\/login","message":"User with ID 660c12855d5262.85990556 logged in."}
{"date":"2024-04-02T15:15:36+01:00","type":"warning","route":"\/api\/auth\/verifypass","message":"Password verification failed for user with ID 660c12855d5262.85990556"}
{"date":"2024-04-02T15:15:36+01:00","type":"debug","route":"\/api\/users","message":"User with ID 660c12855d5262.85990556 updated user with ID 660c12855d5262.85990556"}
{"date":"2024-04-02T15:15:37+01:00","type":"debug","route":"\/api\/auth\/refresh","message":"User with ID 660c12855d5262.85990556 refreshed token"}
{"date":"2024-04-02T15:16:51+01:00","type":"warning","route":"\/api\/auth\/verifypass","message":"Password verification failed for user with ID 660c12855d5262.85990556"}
{"date":"2024-04-02T15:16:51+01:00","type":"debug","route":"\/api\/users","message":"User with ID 660c12855d5262.85990556 updated user with ID 660c12855d5262.85990556"}
{"date":"2024-04-02T15:16:52+01:00","type":"debug","route":"\/api\/auth\/refresh","message":"User with ID 660c12855d5262.85990556 refreshed token"}
{"date":"2024-04-02T15:17:22+01:00","type":"warning","route":"\/api\/auth\/verifypass","message":"Password verification failed for user with ID 660c12855d5262.85990556"}
{"date":"2024-04-02T15:17:22+01:00","type":"debug","route":"\/api\/users","message":"User with ID 660c12855d5262.85990556 updated user with ID 660c12855d5262.85990556"}
{"date":"2024-04-02T15:17:23+01:00","type":"debug","route":"\/api\/auth\/refresh","message":"User with ID 660c12855d5262.85990556 refreshed token"}
{"date":"2024-04-02T15:18:56+01:00","type":"debug","route":"\/api\/auth\/verifypass","message":"Password verified for user with ID 660c12855d5262.85990556"}
{"date":"2024-04-02T15:18:56+01:00","type":"debug","route":"\/api\/users","message":"User with ID 660c12855d5262.85990556 updated user with ID 660c12855d5262.85990556"}
{"date":"2024-04-02T15:18:58+01:00","type":"debug","route":"\/api\/auth\/refresh","message":"User with ID 660c12855d5262.85990556 refreshed token"}
{"date":"2024-04-02T15:20:08+01:00","type":"warning","route":"\/api\/auth\/verifypass","message":"Password verification failed for user with ID 660c12855d5262.85990556"}
{"date":"2024-04-02T15:21:02+01:00","type":"warning","route":"\/api\/auth\/verifypass","message":"Password verification failed for user with ID 660c12855d5262.85990556"}
{"date":"2024-04-02T15:21:09+01:00","type":"debug","route":"\/api\/auth\/verifypass","message":"Password verified for user with ID 660c12855d5262.85990556"}
{"date":"2024-04-02T15:21:09+01:00","type":"debug","route":"\/api\/users","message":"User with ID 660c12855d5262.85990556 updated user with ID 660c12855d5262.85990556"}
{"date":"2024-04-02T15:21:10+01:00","type":"debug","route":"\/api\/auth\/refresh","message":"User with ID 660c12855d5262.85990556 refreshed token"}
{"date":"2024-04-02T15:30:08+01:00","type":"warning","route":"\/api\/auth\/verifypass","message":"Password verification failed for user with ID 660c12855d5262.85990556"}
{"date":"2024-04-02T15:30:11+01:00","type":"warning","route":"\/api\/auth\/verifypass","message":"Password verification failed for user with ID 660c12855d5262.85990556"}
{"date":"2024-04-02T15:30:19+01:00","type":"debug","route":"\/api\/auth\/verifypass","message":"Password verified for user with ID 660c12855d5262.85990556"}
{"date":"2024-04-02T15:30:19+01:00","type":"debug","route":"\/api\/users","message":"User with ID 660c12855d5262.85990556 updated user with ID 660c12855d5262.85990556"}
{"date":"2024-04-02T15:30:20+01:00","type":"debug","route":"\/api\/auth\/refresh","message":"User with ID 660c12855d5262.85990556 refreshed token"}
{"date":"2024-04-02T15:40:48+01:00","type":"error","route":"\/api\/jobtypes\/|| RequiresAuthentication","message":{}}
{"date":"2024-04-02T15:46:48+01:00","type":"debug","route":"\/api\/jobtypes\/","message":"JobType with ID 1 created by user with ID 660c12855d5262.85990556"}
{"date":"2024-04-02T16:05:04+01:00","type":"info","route":"Jobs\/createIntialJobRecord","message":"Created new job record 1 for user with ID 660c12855d5262.85990556"}
{"date":"2024-04-02T16:05:05+01:00","type":"debug","route":"Jobs\/scheduleSlurmJob","message":"Created new script file \/root\/coding-projects\/WebSlurm-ReWrite\/WS2\/Backend\/routes\/..\/usr\/script660c12855d5262.85990556\/1\/1-2024-04-02+16-05-05sh"}
{"date":"2024-04-02T16:05:06+01:00","type":"debug","route":"Jobs\/scheduleSlurmJob","message":"Scheduled Slurm Job: Submitted batch job 225\n"}
{"date":"2024-04-02T16:05:06+01:00","type":"error","route":"Jobs\/scheduleSlurmJob","message":"Invalid Input Received: Submitted batch job 225\n"}
{"date":"2024-04-02T16:23:50+01:00","type":"info","route":"Jobs\/createIntialJobRecord","message":"Created new job record 2 for user with ID 660c12855d5262.85990556"}
{"date":"2024-04-02T16:23:52+01:00","type":"debug","route":"Jobs\/scheduleSlurmJob","message":"Created new script file \/root\/coding-projects\/WebSlurm-ReWrite\/WS2\/Backend\/routes\/..\/usr\/script\/660c12855d5262.85990556\/2\/2-2024-04-02+16-23-52sh"}
{"date":"2024-04-02T16:23:53+01:00","type":"debug","route":"Jobs\/scheduleSlurmJob","message":"Scheduled Slurm Job: Submitted batch job 226\n"}
{"date":"2024-04-02T16:23:53+01:00","type":"error","route":"Jobs\/scheduleSlurmJob","message":"Invalid Input Received: Submitted batch job 226\n"}
{"date":"2024-04-02T16:28:10+01:00","type":"info","route":"Jobs\/createIntialJobRecord","message":"Created new job record 3 for user with ID 660c12855d5262.85990556"}
{"date":"2024-04-02T16:28:11+01:00","type":"debug","route":"Jobs\/scheduleSlurmJob","message":"Created new script file \/root\/coding-projects\/WebSlurm-ReWrite\/WS2\/Backend\/routes\/..\/usr\/script\/660c12855d5262.85990556\/3\/3-2024-04-02+16-28-11sh"}
{"date":"2024-04-02T16:28:12+01:00","type":"debug","route":"Jobs\/scheduleSlurmJob","message":"Scheduled Slurm Job: Submitted batch job 227\n"}
{"date":"2024-04-02T16:28:12+01:00","type":"debug","route":"\/api\/jobs\/","message":"Created new Job with ID 3 for user with ID 660c12855d5262.85990556"}
{"date":"2024-04-02T16:37:29+01:00","type":"info","route":"Jobs\/createIntialJobRecord","message":"Created new job record 4 for user with ID 660c12855d5262.85990556"}
{"date":"2024-04-02T16:37:31+01:00","type":"debug","route":"Jobs\/scheduleSlurmJob","message":"Created new script file \/root\/coding-projects\/WebSlurm-ReWrite\/WS2\/Backend\/routes\/..\/usr\/script\/660c12855d5262.85990556\/4\/4-2024-04-02+16-37-31sh"}
{"date":"2024-04-02T16:37:31+01:00","type":"debug","route":"Jobs\/scheduleSlurmJob","message":"Scheduled Slurm Job: Submitted batch job 228\n"}
{"date":"2024-04-02T16:37:32+01:00","type":"debug","route":"\/api\/jobs\/","message":"Created new Job with ID 4 for user with ID 660c12855d5262.85990556"}
{"date":"2024-04-02T16:40:40+01:00","type":"info","route":"Jobs\/createIntialJobRecord","message":"Created new job record 5 for user with ID 660c12855d5262.85990556"}
{"date":"2024-04-02T16:40:42+01:00","type":"debug","route":"Jobs\/scheduleSlurmJob","message":"Created new script file \/root\/coding-projects\/WebSlurm-ReWrite\/WS2\/Backend\/routes\/..\/usr\/script\/660c12855d5262.85990556\/5\/5-2024-04-02+16-40-42sh"}
{"date":"2024-04-02T16:40:42+01:00","type":"debug","route":"Jobs\/scheduleSlurmJob","message":"Scheduled Slurm Job: Submitted batch job 229\n"}
{"date":"2024-04-02T16:40:42+01:00","type":"debug","route":"\/api\/jobs\/","message":"Created new Job with ID 5 for user with ID 660c12855d5262.85990556"}
{"date":"2024-04-02T16:41:19+01:00","type":"info","route":"Jobs\/createIntialJobRecord","message":"Created new job record 6 for user with ID 660c12855d5262.85990556"}
{"date":"2024-04-02T16:41:20+01:00","type":"debug","route":"Jobs\/scheduleSlurmJob","message":"Created new script file \/root\/coding-projects\/WebSlurm-ReWrite\/WS2\/Backend\/routes\/..\/usr\/script\/660c12855d5262.85990556\/6\/6-2024-04-02+16-41-20sh"}
{"date":"2024-04-02T16:41:20+01:00","type":"debug","route":"Jobs\/scheduleSlurmJob","message":"Scheduled Slurm Job: Submitted batch job 230\n"}
{"date":"2024-04-02T16:41:20+01:00","type":"debug","route":"\/api\/jobs\/","message":"Created new Job with ID 6 for user with ID 660c12855d5262.85990556"}
{"date":"2024-04-02T16:43:09+01:00","type":"info","route":"Jobs\/createIntialJobRecord","message":"Created new job record 7 for user with ID 660c12855d5262.85990556"}
{"date":"2024-04-02T16:43:10+01:00","type":"debug","route":"Jobs\/scheduleSlurmJob","message":"Created new script file \/root\/coding-projects\/WebSlurm-ReWrite\/WS2\/Backend\/routes\/..\/usr\/script\/660c12855d5262.85990556\/7\/7-2024-04-02+16-43-10sh"}
{"date":"2024-04-02T16:43:10+01:00","type":"debug","route":"Jobs\/scheduleSlurmJob","message":"Scheduled Slurm Job: Submitted batch job 231\n"}
{"date":"2024-04-02T16:43:10+01:00","type":"debug","route":"\/api\/jobs\/","message":"Created new Job with ID 7 for user with ID 660c12855d5262.85990556"}
{"date":"2024-04-02T16:44:17+01:00","type":"info","route":"Jobs\/createIntialJobRecord","message":"Created new job record 8 for user with ID 660c12855d5262.85990556"}
{"date":"2024-04-02T16:44:17+01:00","type":"debug","route":"Jobs\/scheduleSlurmJob","message":"Created new script file \/root\/coding-projects\/WebSlurm-ReWrite\/WS2\/Backend\/routes\/..\/usr\/script\/660c12855d5262.85990556\/8\/8-2024-04-02+16-44-17sh"}
{"date":"2024-04-02T16:44:17+01:00","type":"debug","route":"Jobs\/scheduleSlurmJob","message":"Scheduled Slurm Job: Submitted batch job 232\n"}
{"date":"2024-04-02T16:44:18+01:00","type":"debug","route":"\/api\/jobs\/","message":"Created new Job with ID 8 for user with ID 660c12855d5262.85990556"}
{"date":"2024-04-02T16:45:26+01:00","type":"info","route":"Jobs\/createIntialJobRecord","message":"Created new job record 9 for user with ID 660c12855d5262.85990556"}
{"date":"2024-04-02T16:45:28+01:00","type":"debug","route":"Jobs\/scheduleSlurmJob","message":"Created new script file \/root\/coding-projects\/WebSlurm-ReWrite\/WS2\/Backend\/routes\/..\/usr\/script\/660c12855d5262.85990556\/9\/9-2024-04-02+16-45-28sh"}
{"date":"2024-04-02T16:45:29+01:00","type":"debug","route":"Jobs\/scheduleSlurmJob","message":"Scheduled Slurm Job: Submitted batch job 233\n"}
{"date":"2024-04-02T16:45:29+01:00","type":"debug","route":"\/api\/jobs\/","message":"Created new Job with ID 9 for user with ID 660c12855d5262.85990556"}
{"date":"2024-04-02T16:46:52+01:00","type":"info","route":"Jobs\/createIntialJobRecord","message":"Created new job record 10 for user with ID 660c12855d5262.85990556"}
{"date":"2024-04-02T16:46:52+01:00","type":"debug","route":"Jobs\/scheduleSlurmJob","message":"Created new script file \/root\/coding-projects\/WebSlurm-ReWrite\/WS2\/Backend\/routes\/..\/usr\/script\/660c12855d5262.85990556\/10\/10-2024-04-02+16-46-52sh"}
{"date":"2024-04-02T16:46:52+01:00","type":"debug","route":"Jobs\/scheduleSlurmJob","message":"Scheduled Slurm Job: Submitted batch job 234\n"}
{"date":"2024-04-02T16:46:52+01:00","type":"debug","route":"\/api\/jobs\/","message":"Created new Job with ID 10 for user with ID 660c12855d5262.85990556"}
{"date":"2024-04-02T16:48:46+01:00","type":"info","route":"Jobs\/createIntialJobRecord","message":"Created new job record 11 for user with ID 660c12855d5262.85990556"}
{"date":"2024-04-02T16:48:47+01:00","type":"debug","route":"Jobs\/scheduleSlurmJob","message":"Created new script file \/root\/coding-projects\/WebSlurm-ReWrite\/WS2\/Backend\/routes\/..\/usr\/script\/660c12855d5262.85990556\/11\/11-2024-04-02+16-48-47sh"}
{"date":"2024-04-02T16:48:47+01:00","type":"debug","route":"Jobs\/scheduleSlurmJob","message":"Scheduled Slurm Job: Submitted batch job 235\n"}
{"date":"2024-04-02T16:48:48+01:00","type":"debug","route":"\/api\/jobs\/","message":"Created new Job with ID 11 for user with ID 660c12855d5262.85990556"}
{"date":"2024-04-02T16:53:36+01:00","type":"info","route":"Jobs\/createIntialJobRecord","message":"Created new job record 12 for user with ID 660c12855d5262.85990556"}
{"date":"2024-04-02T16:53:36+01:00","type":"debug","route":"Jobs\/scheduleSlurmJob","message":"Created new script file \/root\/coding-projects\/WebSlurm-ReWrite\/WS2\/Backend\/routes\/..\/usr\/script\/660c12855d5262.85990556\/12\/12-2024-04-02+16-53-36.sh"}
{"date":"2024-04-02T16:53:36+01:00","type":"debug","route":"Jobs\/scheduleSlurmJob","message":"Scheduled Slurm Job: Submitted batch job 236\n"}
{"date":"2024-04-02T16:53:37+01:00","type":"debug","route":"\/api\/jobs\/","message":"Created new Job with ID 12 for user with ID 660c12855d5262.85990556"}
{"date":"2024-04-02T16:59:50+01:00","type":"info","route":"Jobs\/createIntialJobRecord","message":"Created new job record 13 for user with ID 660c12855d5262.85990556"}
{"date":"2024-04-02T16:59:53+01:00","type":"debug","route":"Jobs\/scheduleSlurmJob","message":"Created new script file \/root\/coding-projects\/WebSlurm-ReWrite\/WS2\/Backend\/routes\/..\/usr\/script\/660c12855d5262.85990556\/13\/13-2024-04-02+16-59-53.sh"}
{"date":"2024-04-02T16:59:53+01:00","type":"debug","route":"Jobs\/scheduleSlurmJob","message":"Scheduled Slurm Job: Submitted batch job 237\n"}
{"date":"2024-04-02T16:59:53+01:00","type":"debug","route":"\/api\/jobs\/","message":"Created new Job with ID 13 for user with ID 660c12855d5262.85990556"}
{"date":"2024-04-02T17:05:21+01:00","type":"info","route":"Jobs\/createIntialJobRecord","message":"Created new job record 14 for user with ID 660c12855d5262.85990556"}
{"date":"2024-04-02T17:05:23+01:00","type":"debug","route":"Jobs\/scheduleSlurmJob","message":"Created new script file \/root\/coding-projects\/WebSlurm-ReWrite\/WS2\/Backend\/routes\/..\/usr\/script\/660c12855d5262.85990556\/14\/14-2024-04-02+17-05-23.sh"}
{"date":"2024-04-02T17:05:23+01:00","type":"debug","route":"Jobs\/scheduleSlurmJob","message":"Scheduled Slurm Job: Submitted batch job 238\n"}
{"date":"2024-04-02T17:05:23+01:00","type":"debug","route":"\/api\/jobs\/","message":"Created new Job with ID 14 for user with ID 660c12855d5262.85990556"}
{"date":"2024-04-02T17:06:47+01:00","type":"info","route":"Jobs\/createIntialJobRecord","message":"Created new job record 15 for user with ID 660c12855d5262.85990556"}
{"date":"2024-04-02T17:06:48+01:00","type":"debug","route":"Jobs\/scheduleSlurmJob","message":"Created new script file \/root\/coding-projects\/WebSlurm-ReWrite\/WS2\/Backend\/routes\/..\/usr\/script\/660c12855d5262.85990556\/15\/15-2024-04-02+17-06-48.sh"}
{"date":"2024-04-02T17:06:49+01:00","type":"debug","route":"Jobs\/scheduleSlurmJob","message":"Scheduled Slurm Job: Submitted batch job 239\n"}
{"date":"2024-04-02T17:06:49+01:00","type":"debug","route":"\/api\/jobs\/","message":"Created new Job with ID 15 for user with ID 660c12855d5262.85990556"}
{"date":"2024-04-02T17:27:30+01:00","type":"debug","route":"\/api\/jobtypes\/1","message":"JoType with ID 1, for user with ID 660c12855d5262.85990556"}
{"date":"2024-04-02T17:27:49+01:00","type":"info","route":"Jobs\/createIntialJobRecord","message":"Created new job record 16 for user with ID 660c12855d5262.85990556"}
{"date":"2024-04-02T17:27:50+01:00","type":"debug","route":"Jobs\/scheduleSlurmJob","message":"Created new script file \/root\/coding-projects\/WebSlurm-ReWrite\/WS2\/Backend\/routes\/..\/usr\/script\/660c12855d5262.85990556\/16\/16-2024-04-02+17-27-50.sh"}
{"date":"2024-04-02T17:27:50+01:00","type":"debug","route":"Jobs\/scheduleSlurmJob","message":"Scheduled Slurm Job: Submitted batch job 240\n"}
{"date":"2024-04-02T17:27:51+01:00","type":"debug","route":"\/api\/jobs\/","message":"Created new Job with ID 16 for user with ID 660c12855d5262.85990556"}
